{
  "RSpec": {
    "coverage": {
      "/app/app/jobs/process_webhook_job.rb": {
        "lines": [
          1,
          1,
          null,
          1,
          null,
          1,
          7,
          null,
          null,
          6,
          null,
          6,
          null,
          null,
          6,
          null,
          null,
          6,
          null,
          1,
          null,
          1,
          null,
          4,
          null,
          0,
          null,
          null,
          null,
          5,
          null,
          null,
          null,
          null,
          5,
          null,
          null,
          2,
          2,
          2,
          null,
          null,
          1,
          null,
          1,
          1,
          null,
          null,
          1,
          1,
          null,
          null,
          1,
          3,
          3,
          null
        ]
      },
      "/app/app/models/webhook.rb": {
        "lines": [
          1,
          1,
          null,
          1,
          1,
          1,
          1,
          null,
          null,
          1,
          null,
          null,
          null,
          null,
          null,
          null,
          null,
          1,
          1,
          null,
          1,
          null,
          1,
          375,
          null,
          null
        ]
      },
      "/app/app/models/application_record.rb": {
        "lines": [
          1,
          1,
          null
        ]
      },
      "/app/app/services/webhook_signature_verifier.rb": {
        "lines": [
          1,
          1,
          369,
          369,
          369,
          null,
          null,
          1,
          369,
          369,
          null,
          366,
          5,
          5,
          null,
          null,
          361,
          361,
          null,
          null,
          1,
          369,
          null,
          null,
          1,
          null,
          1,
          366,
          null,
          null,
          1,
          366,
          null
        ]
      },
      "/app/app/controllers/webhooks_controller.rb": {
        "lines": [
          1,
          1,
          null,
          366,
          366,
          null,
          366,
          2,
          null,
          null,
          2,
          null,
          null,
          364,
          null,
          null,
          364,
          364,
          null,
          null,
          null,
          364,
          null,
          null,
          null,
          null,
          5,
          5,
          null,
          null,
          null,
          null,
          359,
          null,
          null,
          null,
          null,
          null,
          null,
          359,
          359,
          2,
          2,
          null,
          null,
          null,
          357,
          null,
          null,
          357,
          null,
          null,
          357,
          null,
          null,
          null,
          null,
          null,
          0,
          0,
          null,
          0,
          0,
          null,
          null,
          1,
          null,
          0,
          null,
          null,
          0,
          null,
          null,
          0,
          null,
          null,
          0,
          0,
          0,
          null,
          0,
          null,
          0,
          null,
          null,
          null,
          null,
          null,
          null,
          1,
          0,
          null,
          0,
          null,
          null,
          null,
          null,
          0,
          null,
          null,
          1,
          6,
          null,
          5,
          2,
          2,
          null,
          null,
          3,
          3,
          null,
          3,
          null,
          1,
          null
        ]
      },
      "/app/app/controllers/application_controller.rb": {
        "lines": [
          1,
          null
        ]
      },
      "/app/app/services/rate_limiter.rb": {
        "lines": [
          1,
          1,
          1,
          null,
          1,
          366,
          null,
          366,
          null,
          366,
          null,
          0,
          null,
          0,
          null,
          null,
          366,
          null,
          null,
          1,
          366,
          null,
          null,
          1,
          364,
          364,
          364,
          364,
          null,
          null,
          1,
          366,
          null,
          null,
          1,
          0,
          null,
          null,
          1,
          null,
          1,
          730,
          null
        ]
      },
      "/app/app/jobs/application_job.rb": {
        "lines": [
          0,
          null,
          null,
          null,
          null,
          null,
          0
        ],
        "branches": {}
      },
      "/app/app/mailers/application_mailer.rb": {
        "lines": [
          0,
          0,
          0,
          0
        ],
        "branches": {}
      }
    },
    "timestamp": 1774462865
  }
}
