{
  "RSpec": {
    "coverage": {
      "/app/app/jobs/process_webhook_job.rb": {
        "lines": [
          1,
          1,
          null,
          1,
          null,
          1,
          7,
          null,
          null,
          6,
          null,
          6,
          null,
          null,
          6,
          null,
          null,
          6,
          null,
          1,
          null,
          1,
          null,
          4,
          null,
          0,
          null,
          null,
          null,
          5,
          null,
          null,
          null,
          null,
          5,
          null,
          null,
          2,
          2,
          2,
          null,
          null,
          1,
          null,
          1,
          1,
          null,
          null,
          1,
          1,
          null,
          null,
          1,
          3,
          3,
          null
        ]
      },
      "/app/app/models/webhook.rb": {
        "lines": [
          1,
          1,
          null,
          1,
          1,
          1,
          1,
          null,
          null,
          1,
          null,
          null,
          null,
          null,
          null,
          null,
          null,
          2,
          1,
          1,
          1,
          null,
          1,
          null,
          1,
          0,
          null,
          null,
          1,
          383,
          null,
          null
        ]
      },
      "/app/app/models/application_record.rb": {
        "lines": [
          1,
          1,
          null
        ]
      },
      "/app/app/services/webhook_signature_verifier.rb": {
        "lines": [
          1,
          1,
          370,
          370,
          370,
          null,
          null,
          1,
          370,
          370,
          null,
          367,
          5,
          5,
          null,
          null,
          362,
          362,
          null,
          null,
          1,
          370,
          null,
          null,
          1,
          null,
          1,
          367,
          null,
          null,
          1,
          367,
          null
        ]
      },
      "/app/app/controllers/auth_controller.rb": {
        "lines": [
          1,
          null,
          1,
          2,
          null,
          2,
          1,
          1,
          null,
          null,
          null,
          null,
          null,
          1,
          null,
          null
        ]
      },
      "/app/app/controllers/application_controller.rb": {
        "lines": [
          1,
          null
        ]
      },
      "/app/app/services/json_web_token.rb": {
        "lines": [
          1,
          1,
          null,
          1,
          11,
          11,
          null,
          null,
          1,
          16,
          10,
          null,
          6,
          null
        ]
      },
      "/app/app/controllers/webhooks_controller.rb": {
        "lines": [
          1,
          1,
          null,
          1,
          null,
          1,
          null,
          367,
          367,
          null,
          367,
          2,
          null,
          null,
          2,
          null,
          null,
          365,
          null,
          null,
          365,
          365,
          null,
          null,
          null,
          365,
          null,
          null,
          null,
          null,
          5,
          5,
          null,
          null,
          null,
          null,
          360,
          null,
          null,
          null,
          null,
          null,
          null,
          360,
          360,
          2,
          2,
          null,
          null,
          null,
          358,
          null,
          null,
          358,
          null,
          null,
          358,
          null,
          null,
          null,
          null,
          null,
          0,
          0,
          null,
          0,
          0,
          null,
          null,
          1,
          null,
          1,
          null,
          null,
          1,
          null,
          null,
          1,
          null,
          null,
          1,
          1,
          1,
          null,
          1,
          null,
          1,
          null,
          null,
          null,
          null,
          null,
          null,
          1,
          1,
          null,
          1,
          null,
          null,
          null,
          null,
          0,
          null,
          null,
          1,
          8,
          null,
          7,
          2,
          2,
          null,
          null,
          5,
          5,
          null,
          5,
          null,
          1,
          null
        ]
      },
      "/app/app/controllers/concerns/authenticable.rb": {
        "lines": [
          1,
          1,
          null,
          1,
          1,
          null,
          null,
          1,
          null,
          1,
          16,
          16,
          null,
          16,
          null,
          16,
          6,
          null,
          null,
          0,
          null
        ]
      },
      "/app/app/services/rate_limiter.rb": {
        "lines": [
          1,
          1,
          1,
          null,
          1,
          367,
          null,
          367,
          null,
          367,
          null,
          0,
          null,
          0,
          null,
          null,
          367,
          null,
          null,
          1,
          367,
          null,
          null,
          1,
          365,
          365,
          365,
          365,
          null,
          null,
          1,
          367,
          null,
          null,
          1,
          0,
          null,
          null,
          1,
          null,
          1,
          732,
          null
        ]
      }
    },
    "timestamp": 1775634424
  }
}
